2023-05-07 12:21:54,723 - INFO - Starting script...
2023-05-07 12:21:54,723 - INFO - Cleaning temporary files...
2023-05-07 12:22:10,319 - INFO - Temporary files cleaned.
2023-05-07 12:22:10,319 - INFO - Updating Windows and Windows Security...
2023-05-07 12:22:11,080 - INFO - Windows and Windows Security updated.
2023-05-07 12:22:11,080 - INFO - Updating Microsoft Store apps...
2023-05-07 12:22:11,376 - INFO - Microsoft Store apps updated.
2023-05-07 12:22:11,377 - INFO - Updating Microsoft apps...
2023-05-07 12:22:11,406 - INFO - Microsoft apps updated.
2023-05-07 12:22:11,406 - INFO - Optimizing drive...
2023-05-07 12:22:14,407 - INFO - Drive optimized.
2023-05-07 12:22:14,407 - INFO - Checking for errors...
2023-05-07 12:22:34,728 - INFO - Errors checked.
2023-05-07 12:22:34,728 - INFO - Scanning for viruses...
2023-05-07 12:23:01,998 - INFO - Virus scan completed.
2023-05-07 12:23:01,998 - INFO - Script completed.
2023-05-07 12:23:13,028 - INFO - Starting script...
2023-05-07 12:23:13,028 - INFO - Cleaning temporary files...
2023-05-07 12:23:26,355 - INFO - Temporary files cleaned.
2023-05-07 12:23:26,355 - INFO - Updating Windows and Windows Security...
2023-05-07 12:23:26,718 - INFO - Windows and Windows Security updated.
2023-05-07 12:23:26,718 - INFO - Updating Microsoft apps...
2023-05-07 12:23:26,743 - INFO - Microsoft apps updated.
2023-05-07 12:23:26,743 - INFO - Optimizing drive...
2023-05-07 12:23:29,442 - INFO - Drive optimized.
2023-05-07 12:23:29,442 - INFO - Checking for errors...
2023-05-07 12:23:34,831 - INFO - Errors checked.
2023-05-07 12:23:34,831 - INFO - Scanning for viruses...
2023-05-07 12:24:01,316 - INFO - Virus scan completed.
2023-05-07 12:24:01,316 - INFO - Script completed.
2023-05-07 12:38:07,033 - INFO - Starting script...
2023-05-07 12:38:07,034 - INFO - Checking for errors...
2024-01-27 11:58:12,460 - WARNING - The user is not running the program with administrative privileges.
